Drill report for main_board.kicad_pcb
Created on 2024-06-15T19:31:11-0400

Copper Layer Stackup:
    =============================================================
    L1 :  F.Cu                      front
    L2 :  B.Cu                      back


Drill file 'main_board-PTH.drl' contains
    plated through holes:
    =============================================================
    T1  0.300mm  0.0118"  (4 holes)
    T2  0.600mm  0.0236"  (23 holes)
    T3  0.800mm  0.0315"  (16 holes)
    T4  0.850mm  0.0335"  (8 holes)
    T5  0.900mm  0.0354"  (12 holes)
    T6  0.914mm  0.0360"  (11 holes)
    T7  1.000mm  0.0394"  (12 holes)
    T8  1.850mm  0.0728"  (5 holes)
    T9  2.200mm  0.0866"  (4 holes)

    Total plated holes count 95


Drill file 'main_board-NPTH.drl' contains
    unplated through holes:
    =============================================================

    Total unplated holes count 0
